<?xml version="1.0" encoding="UTF-8"?>
<!-- Generated by org.testng.reporters.JUnitXMLReporter -->
<testsuite hostname="Maddipudi" name="Default test" tests="1" failures="0" timestamp="2 Jul 2020 09:02:10 GMT" time="0.299" errors="0">
  <testcase name="@BeforeMethod setUpMethod" time="0.0" classname="com.parallel.practice.ParallelTest">
    <failure type="org.testng.TestNGException" message="
Parameter &amp;apos;brow&amp;apos; is required by @Configuration on method setUpMethod but has not been marked @Optional or defined
in C:\Users\Ishita\AppData\Local\Temp\testng-eclipse-1591556213\testng-customsuite.xml">
      <![CDATA[org.testng.TestNGException: 
Parameter 'brow' is required by @Configuration on method setUpMethod but has not been marked @Optional or defined
in C:\Users\Ishita\AppData\Local\Temp\testng-eclipse-1591556213\testng-customsuite.xml
	at org.testng.internal.Parameters.createParameters(Parameters.java:159)
	at org.testng.internal.Parameters.createParameters(Parameters.java:372)
	at org.testng.internal.Parameters.createConfigurationParameters(Parameters.java:90)
	at org.testng.internal.Invoker.invokeConfigurations(Invoker.java:199)
	at org.testng.internal.Invoker.invokeMethod(Invoker.java:605)
	at org.testng.internal.Invoker.invokeTestMethod(Invoker.java:849)
	at org.testng.internal.Invoker.invokeTestMethods(Invoker.java:1157)
	at org.testng.internal.TestMethodWorker.invokeTestMethods(TestMethodWorker.java:124)
	at org.testng.internal.TestMethodWorker.run(TestMethodWorker.java:108)
	at org.testng.TestRunner.privateRun(TestRunner.java:771)
	at org.testng.TestRunner.run(TestRunner.java:621)
	at org.testng.SuiteRunner.runTest(SuiteRunner.java:357)
	at org.testng.SuiteRunner.runSequentially(SuiteRunner.java:352)
	at org.testng.SuiteRunner.privateRun(SuiteRunner.java:310)
	at org.testng.SuiteRunner.run(SuiteRunner.java:259)
	at org.testng.SuiteRunnerWorker.runSuite(SuiteRunnerWorker.java:52)
	at org.testng.SuiteRunnerWorker.run(SuiteRunnerWorker.java:86)
	at org.testng.TestNG.runSuitesSequentially(TestNG.java:1200)
	at org.testng.TestNG.runSuitesLocally(TestNG.java:1125)
	at org.testng.TestNG.run(TestNG.java:1033)
	at org.testng.remote.RemoteTestNG.run(RemoteTestNG.java:111)
	at org.testng.remote.RemoteTestNG.initAndRun(RemoteTestNG.java:204)
	at org.testng.remote.RemoteTestNG.main(RemoteTestNG.java:175)
]]>
    </failure>
  </testcase> <!-- @BeforeMethod setUpMethod -->
  <testcase name="@AfterMethod tearDown" time="0.0" classname="com.parallel.practice.ParallelTest">
    <skipped/>
  </testcase> <!-- @AfterMethod tearDown -->
  <testcase name="testCase" time="0.054" classname="com.parallel.practice.ParallelTest">
    <skipped/>
  </testcase> <!-- testCase -->
</testsuite> <!-- Default test -->
